#++++++++++++++++++++++++++++ Back-Up Automaticly log of S1_TS_proc +++++++++++++++++++++++++++#
Athor: Zelong Guo
GFZ, 14473, Potsdam
Email: zelong@gfz-potsdam.de
#++++++++++++++++++++++++++++++++++++++++++++++++++++++++++++++++++++++++++++++++++++++++++++++#

Automatic backup is finished!  2020-12-26 18:05:01
Automatic backup is finished!  2020-12-26 18:06:02
Automatic backup is finished!  2020-12-26 18:07:01
Automatic backup is finished!  2020-12-26 18:08:01
Automatic backup is finished!  2020-12-26 18:09:01
Automatic backup is finished!  2020-12-26 18:12:01
Automatic backup is finished!  2020-12-26 18:13:02
Automatic backup is finished!  2020-12-26 18:14:01
Automatic backup is finished!  2020-12-26 18:15:01
Automatic backup is finished!  2020-12-27 12:00:01
Automatic backup is finished!  2020-12-27 18:00:01
Automatic backup is finished!  2020-12-28 12:00:01
Automatic backup is finished!  2020-12-28 18:00:02
Automatic backup is finished!  2020-12-29 12:00:02
Automatic backup is finished!  2020-12-29 18:00:02
Automatic backup is finished!  2020-12-30 12:00:02
Automatic backup is finished!  2020-12-30 18:00:01
Automatic backup is finished!  2020-12-31 12:00:01
Automatic backup is finished!  2020-12-31 18:00:02
Automatic backup is finished!  2021-01-01 12:00:01
Automatic backup is finished!  2021-01-01 18:00:01
Automatic backup is finished!  2021-01-02 12:00:02
Automatic backup is finished!  2021-01-02 18:00:01
Automatic backup is finished!  2021-01-03 12:00:01
Automatic backup is finished!  2021-01-03 18:00:01
Automatic backup is finished!  2021-01-04 12:00:01
Automatic backup is finished!  2021-01-04 18:00:02
Automatic backup is finished!  2021-01-05 12:00:02
Automatic backup is finished!  2021-01-05 18:00:02
Automatic backup is finished!  2021-01-06 12:00:01
Automatic backup is finished!  2021-01-06 18:00:01
Automatic backup is finished!  2021-01-07 12:00:01
Automatic backup is finished!  2021-01-07 18:00:01
Automatic backup is finished!  2021-01-08 12:00:01
Automatic backup is finished!  2021-01-08 18:00:02
Automatic backup is finished!  2021-01-09 12:00:01
Automatic backup is finished!  2021-01-09 18:00:01
Automatic backup is finished!  2021-01-10 12:00:01
Automatic backup is finished!  2021-01-10 18:00:01
Automatic backup is finished!  2021-01-11 12:00:01
Automatic backup is finished!  2021-01-11 18:00:01
Automatic backup is finished!  2021-01-12 12:00:01
Automatic backup is finished!  2021-01-12 18:00:01
Automatic backup is finished!  2021-01-13 12:00:01
Automatic backup is finished!  2021-01-13 18:00:01
Automatic backup is finished!  2021-01-14 12:00:01
Automatic backup is finished!  2021-01-14 18:00:01
Automatic backup is finished!  2021-01-15 12:00:01
Automatic backup is finished!  2021-01-15 18:00:01
Automatic backup is finished!  2021-01-16 12:00:02
Automatic backup is finished!  2021-01-16 18:00:01
Automatic backup is finished!  2021-01-17 12:00:01
Automatic backup is finished!  2021-01-17 18:00:01
Automatic backup is finished!  2021-01-18 12:00:01
Automatic backup is finished!  2021-01-18 18:00:01
Automatic backup is finished!  2021-01-19 12:00:01
Automatic backup is finished!  2021-01-19 18:00:01
Automatic backup is finished!  2021-01-20 12:00:01
Automatic backup is finished!  2021-01-20 18:00:02
Automatic backup is finished!  2021-01-21 12:00:01
Automatic backup is finished!  2021-01-21 18:00:01
Automatic backup is finished!  2021-01-22 12:00:01
Automatic backup is finished!  2021-01-22 18:00:01
Automatic backup is finished!  2021-01-23 12:00:02
Automatic backup is finished!  2021-01-23 18:00:01
Automatic backup is finished!  2021-01-24 12:00:01
Automatic backup is finished!  2021-01-24 18:00:01
Automatic backup is finished!  2021-01-25 12:00:01
Automatic backup is finished!  2021-01-25 18:00:02
Automatic backup is finished!  2021-01-26 12:00:01
Automatic backup is finished!  2021-01-26 18:00:01
Automatic backup is finished!  2021-01-27 12:00:02
Automatic backup is finished!  2021-01-27 18:00:01
Automatic backup is finished!  2021-01-28 12:00:01
Automatic backup is finished!  2021-01-28 18:00:01
